"GET / HTTP/1.1" 200 13093
Not Found: /static/index/css/index.css
"GET /static/index/css/index.css HTTP/1.1" 404 77
Not Found: /asd
"GET /asd HTTP/1.1" 404 77
"GET / HTTP/1.1" 200 13111
Not Found: /static/index/css/index.css
"GET /static/index/css/index.css HTTP/1.1" 404 77
Not Found: /static/base/title.ico
"GET /static/base/title.ico HTTP/1.1" 404 77
"GET / HTTP/1.1" 200 13093
Not Found: /static/index/css/index.css
"GET /static/index/css/index.css HTTP/1.1" 404 77
Not Found: /static/index/css/index.css
"GET /static/index/css/index.css HTTP/1.1" 404 77
"GET / HTTP/1.1" 200 13093
"GET / HTTP/1.1" 200 13093
"GET /static/index/css/index.css HTTP/1.1" 200 2731
"GET / HTTP/1.1" 200 13111
"GET /archive HTTP/1.1" 200 52689
"GET /static/archive/css/archive.css HTTP/1.1" 304 0
